info it worked if it ends with ok
verbose cli [ 'node', '/usr/local/bin/npm', 'install', 'bigint' ]
info using npm@1.0.6
info using node@v0.4.11
verbose /usr/local/bin/node node symlink
verbose config file /Users/fittom/.npmrc
verbose config file /usr/local/etc/npmrc
verbose into /Users/fittom/projects/projecteuler [ 'bigint' ]
verbose cache add [ 'bigint', null ]
info addNamed [ 'bigint', '' ]
verbose addNamed [ null, '' ]
verbose GET bigint
verbose raw, before any munging bigint
verbose url resolving [ 'http://registry.npmjs.org/', './bigint' ]
verbose url resolved http://registry.npmjs.org/bigint
verbose url parsed { protocol: 'http:',
verbose url parsed   slashes: true,
verbose url parsed   host: 'registry.npmjs.org',
verbose url parsed   hostname: 'registry.npmjs.org',
verbose url parsed   href: 'http://registry.npmjs.org/bigint',
verbose url parsed   pathname: '/bigint' }
verbose response http://registry.npmjs.org/bigint
silly chunk {"_id":"bigint","_rev":"60-4747f7395d56a479e9e2acf5a0bdd9cf","name":"bigint","description":"Arbitrary-precision integer arithmetic using libgmp","dist-tags":{"latest":"0.3.7"},"versions":{"0.0.1":{"name":"bigint","version":"0.0.1","description":"Arbitrary-precision integer arithmetic using libgmp","main":"./index","repository":{"type":"git","url":"http://github.com/substack/node-bigint.git"},"keywords":["gmp","libgmp","big","bignum","bigint","integer","arithmetic","precision"],"author":{"name":"James Halliday","email":"mail@substack.net","url":"http://substack.net"},"dependencies":{"node-ffi":">=0.2.0"},"devDependencies":{"expresso":">=0.6.0"},"scripts":{"test":"expresso","preinstall":"node-waf clean configure build"},"license":"MIT/X11","engine":["node >=0.2.0"],"_id":"bigint@0.0.1","engines":{"node":"*"},"_engineSupported":true,"_npmVersion":"0.2.16","_nodeVersion":"v0.3.8-pre","directories":{},"files":[""],"_defaultsLoaded":true,"dist":{"shasum":"2cb1e03203214566c9a513f5775da6dff94ac392","tarball":"http://registry.npmjs.org/bigint/-/bigint-0.0.1.tgz"}},"0.0.2":{"name":"bigint","version":"0.0.2","description":"Arbitrary-precision integer arithmetic using libgmp","main":"./index","repository":{"type":"git","url":"http://github.com/substack/node-bigint.git"},"keywords":["gmp","libgmp","big","bignum","bigint","integer","arithmetic","precision"],"author":{"name":"James Halliday","email":"mail@substack.net","url":"http://substa
silly chunk ck.net"},"dependencies":{"node-ffi":">=0.2.0"},"devDependencies":{"expresso":">=0.6.0"},"scripts":{"test":"expresso","preinstall":"node-waf clean || true; node-waf configure build"},"license":"MIT/X11","engine":["node >=0.2.0"],"_id":"bigint@0.0.2","engines":{"node":"*"},"_engineSupported":true,"_npmVersion":"0.2.18","_nodeVersion":"v0.3.8-pre","directories":{},"files":[""],"_defaultsLoaded":true,"dist":{"shasum":"bd47ff80ab7e47cfa203af358e1d86293da83f8d","tarball":"http://registry.npmjs.org/bigint/-/bigint-0.0.2.tgz"}},"0.0.5":{"name":"bigint","version":"0.0.5","description":"Arbitrary-precision integer arithmetic using libgmp","main":"./index","repository":{"type":"git","url":"http://github.com/substack/node-bigint.git"},"keywords":["gmp","libgmp","big","bignum","bigint","integer","arithmetic","precision"],"author":{"name":"James Halliday","email":"mail@substack.net","url":"http://substack.net"},"dependencies":{"node-ffi":">=0.2.0"},"devDependencies":{"expresso":">=0.6.0","binary":">=0.1.7"},"scripts":{"test":"expresso","preinstall":"node-waf clean || true; node-waf configure build"},"license":"MIT/X11","engine":["node >=0.2.0"],"_id":"bigint@0.0.5","engines":{"node":"*"},"_engineSupported":true,"_npmVersion":"0.2.18","_nodeVersion":"v0.3.8-pre","directories":{},"files":[""],"_defaultsLoaded":true,"dist":{"shasum":"e0676881aa2eb25dc741124da3b6c28dbe1cbf1a","tarball":"http://registry.npmjs.org/bigint/-/bigint-0.0.5.tgz"}},"
silly chunk 0.0.6":{"name":"bigint","version":"0.0.6","description":"Arbitrary-precision integer arithmetic using libgmp","main":"./index","repository":{"type":"git","url":"http://github.com/substack/node-bigint.git"},"keywords":["gmp","libgmp","big","bignum","bigint","integer","arithmetic","precision"],"author":{"name":"James Halliday","email":"mail@substack.net","url":"http://substack.net"},"dependencies":{"node-ffi":">=0.2.0"},"devDependencies":{"expresso":">=0.6.0","binary":">=0.1.7"},"scripts":{"test":"expresso","preinstall":"node-waf clean || true; node-waf configure build"},"license":"MIT/X11","engine":["node >=0.2.0"],"_id":"bigint@0.0.6","engines":{"node":"*"},"_engineSupported":true,"_npmVersion":"0.2.18","_nodeVersion":"v0.3.8-pre","directories":{},"files":[""],"_defaultsLoaded":true,"dist":{"shasum":"d0000be1b60d0ef3bdd7d725e1e4c9a53611c5fa","tarball":"http://registry.npmjs.org/bigint/-/bigint-0.0.6.tgz"}},"0.0.7":{"name":"bigint","version":"0.0.7","description":"Arbitrary-precision integer arithmetic using libgmp","main":"./index.js","repository":{"type":"git","url":"git://github.com/substack/node-bigint.git"},"keywords":["gmp","libgmp","big","bignum","bigint","integer","arithmetic","precision"],"author":{"name":"James Halliday","email":"mail@substack.net","url":"http://substack.net"},"dependencies":{"node-ffi":">=0.2.0"},"devDependencies":{"expresso":">=0.6.0","binary":">=0.1.7"},"scripts":{"test":"expresso","preinstall":"
silly chunk node-waf clean || true; node-waf configure build"},"license":"MIT/X11","engine":["node >=0.2.0"],"_id":"bigint@0.0.7","engines":{"node":"*"},"_engineSupported":true,"_npmVersion":"0.3.3","_nodeVersion":"v0.5.0-pre","directories":{},"files":[""],"_defaultsLoaded":true,"dist":{"shasum":"f0785d997a856090d7b9be956885dc00596a81c9","tarball":"http://registry.npmjs.org/bigint/-/bigint-0.0.7.tgz"}},"0.0.8":{"name":"bigint","version":"0.0.8","description":"Arbitrary-precision integer arithmetic using libgmp","main":"./index.js","repository":{"type":"git","url":"git://github.com/substack/node-bigint.git"},"keywords":["gmp","libgmp","big","bignum","bigint","integer","arithmetic","precision"],"author":{"name":"James Halliday","email":"mail@substack.net","url":"http://substack.net"},"dependencies":{"node-ffi":">=0.2.0"},"devDependencies":{"expresso":">=0.6.0","binary":">=0.1.7"},"scripts":{"test":"expresso","preinstall":"node-waf clean || true; node-waf configure build"},"license":"MIT/X11","engine":["node >=0.2.0"],"_id":"bigint@0.0.8","engines":{"node":"*"},"_engineSupported":true,"_npmVersion":"0.3.3","_nodeVersion":"v0.5.0-pre","directories":{},"files":[""],"_defaultsLoaded":true,"dist":{"shasum":"3847feea8375b6aaf619ee85cdf631b2c6882d69","tarball":"http://registry.npmjs.org/bigint/-/bigint-0.0.8.tgz"}},"0.0.9":{"name":"bigint","version":"0.0.9","description":"Arbitrary-precision integer arithmetic using libgmp","main":"./index.js","
silly chunk repository":{"type":"git","url":"git://github.com/substack/node-bigint.git"},"keywords":["gmp","libgmp","big","bignum","bigint","integer","arithmetic","precision"],"author":{"name":"James Halliday","email":"mail@substack.net","url":"http://substack.net"},"dependencies":{"node-ffi":">=0.2.0"},"devDependencies":{"expresso":">=0.6.0","binary":">=0.1.7"},"scripts":{"test":"expresso","preinstall":"node-waf clean || true; node-waf configure build"},"license":"MIT/X11","engine":["node >=0.2.0"],"_id":"bigint@0.0.9","engines":{"node":"*"},"_engineSupported":true,"_npmVersion":"0.3.7","_nodeVersion":"v0.5.0-pre","directories":{},"files":[""],"_defaultsLoaded":true,"dist":{"shasum":"a0028cc1ddec18288bbb628f150cd10c8aacd0f0","tarball":"http://registry.npmjs.org/bigint/-/bigint-0.0.9.tgz"}},"0.0.10":{"name":"bigint","version":"0.0.10","description":"Arbitrary-precision integer arithmetic using libgmp","main":"./index.js","repository":{"type":"git","url":"git://github.com/substack/node-bigint.git"},"keywords":["gmp","libgmp","big","bignum","bigint","integer","arithmetic","precision"],"author":{"name":"James Halliday","email":"mail@substack.net","url":"http://substack.net"},"dependencies":{"node-ffi":">=0.2.0"},"devDependencies":{"expresso":">=0.6.0","binary":">=0.1.7"},"scripts":{"install":"node-waf configure build"},"license":"MIT/X11","engine":{"node":">=0.2.0"},"_id":"bigint@0.0.10","engines":{"node":"*"},"_engineSupported":true,"_npm
silly chunk Version":"0.3.7","_nodeVersion":"v0.5.0-pre","directories":{},"files":[""],"_defaultsLoaded":true,"dist":{"shasum":"85b84f3d81187f6ee674b013e724c90f18a45c90","tarball":"http://registry.npmjs.org/bigint/-/bigint-0.0.10.tgz"}},"0.0.11":{"name":"bigint","version":"0.0.11","description":"Arbitrary-precision integer arithmetic using libgmp","main":"./index.js","repository":{"type":"git","url":"git://github.com/substack/node-bigint.git"},"keywords":["gmp","libgmp","big","bignum","bigint","integer","arithmetic","precision"],"author":{"name":"James Halliday","email":"mail@substack.net","url":"http://substack.net"},"dependencies":{"node-ffi":">=0.2.0"},"devDependencies":{"expresso":">=0.6.0","binary":">=0.1.7"},"scripts":{"install":"node-waf configure build"},"license":"MIT/X11","engine":{"node":">=0.2.0"},"_id":"bigint@0.0.11","engines":{"node":"*"},"_engineSupported":true,"_npmVersion":"0.3.7","_nodeVersion":"v0.5.0-pre","directories":{},"files":[""],"_defaultsLoaded":true,"dist":{"shasum":"2d98a331503fa2178085bdfe54eaf6d750d1c570","tarball":"http://registry.npmjs.org/bigint/-/bigint-0.0.11.tgz"}},"0.0.12":{"name":"bigint","version":"0.0.12","description":"Arbitrary-precision integer arithmetic using libgmp","main":"./index.js","repository":{"type":"git","url":"git://github.com/substack/node-bigint.git"},"keywords":["gmp","libgmp","big","bignum","bigint","integer","arithmetic","precision"],"author":{"name":"James Halliday","email":
silly chunk "mail@substack.net","url":"http://substack.net"},"dependencies":{"node-ffi":">=0.2.0"},"devDependencies":{"expresso":">=0.6.0","binary":">=0.1.7"},"scripts":{"install":"node-waf configure build"},"license":"MIT/X11","engine":{"node":">=0.2.0"},"_id":"bigint@0.0.12","engines":{"node":"*"},"_engineSupported":true,"_npmVersion":"0.3.7","_nodeVersion":"v0.5.0-pre","directories":{},"files":[""],"_defaultsLoaded":true,"dist":{"shasum":"6ccdf177007c5410acf1fd8ade51c2c67054a327","tarball":"http://registry.npmjs.org/bigint/-/bigint-0.0.12.tgz"}},"0.1.0":{"name":"bigint","version":"0.1.0","description":"Arbitrary-precision integer arithmetic using libgmp","main":"./index.js","repository":{"type":"git","url":"git://github.com/substack/node-bigint.git"},"keywords":["gmp","libgmp","big","bignum","bigint","integer","arithmetic","precision"],"author":{"name":"James Halliday","email":"mail@substack.net","url":"http://substack.net"},"dependencies":{"node-ffi":">=0.2.0"},"devDependencies":{"expresso":">=0.6.0","binary":">=0.1.7"},"scripts":{"install":"node-waf configure build"},"license":"MIT/X11","engine":{"node":">=0.2.0"},"_id":"bigint@0.1.0","engines":{"node":"*"},"_engineSupported":true,"_npmVersion":"0.3.7","_nodeVersion":"v0.5.0-pre","directories":{},"files":[""],"_defaultsLoaded":true,"dist":{"shasum":"9065a359c39d66ae783ddf1d4f7ac36d211a2b27","tarball":"http://registry.npmjs.org/bigint/-/bigint-0.1.0.tgz"}},"0.2.0":{"name":"bigint","
silly chunk version":"0.2.0","description":"Arbitrary-precision integer arithmetic using libgmp","main":"./index.js","repository":{"type":"git","url":"git://github.com/substack/node-bigint.git"},"keywords":["gmp","libgmp","big","bignum","bigint","integer","arithmetic","precision"],"author":{"name":"James Halliday","email":"mail@substack.net","url":"http://substack.net"},"devDependencies":{"expresso":">=0.6.0","binary":">=0.1.7"},"scripts":{"install":"node-waf configure build"},"license":"MIT/X11","engine":{"node":">=0.2.0"},"_id":"bigint@0.2.0","engines":{"node":"*"},"_engineSupported":true,"_npmVersion":"0.3.15","_nodeVersion":"v0.5.0-pre","directories":{},"files":[""],"_defaultsLoaded":true,"dist":{"shasum":"366b7dad2d85aa01bd6316e71bc8604bedb68aaa","tarball":"http://registry.npmjs.org/bigint/-/bigint-0.2.0.tgz"}},"0.2.1":{"name":"bigint","version":"0.2.1","description":"Arbitrary-precision integer arithmetic using libgmp","main":"./index.js","repository":{"type":"git","url":"git://github.com/substack/node-bigint.git"},"keywords":["gmp","libgmp","big","bignum","bigint","integer","arithmetic","precision"],"author":{"name":"James Halliday","email":"mail@substack.net","url":"http://substack.net"},"devDependencies":{"expresso":">=0.6.0","binary":">=0.1.7"},"scripts":{"install":"node-waf configure build"},"license":"MIT/X11","engine":{"node":">=0.2.0"},"_id":"bigint@0.2.1","engines":{"node":"*"},"_engineSupported":true,"_npmVersion":"0.3.1
silly chunk 5","_nodeVersion":"v0.4.2","directories":{},"files":[""],"_defaultsLoaded":true,"dist":{"shasum":"10b61aa42045ccad04e7681e32f89eaac9f59e47","tarball":"http://registry.npmjs.org/bigint/-/bigint-0.2.1.tgz"}},"0.2.2":{"name":"bigint","version":"0.2.2","description":"Arbitrary-precision integer arithmetic using libgmp","main":"./index.js","repository":{"type":"git","url":"git://github.com/substack/node-bigint.git"},"keywords":["gmp","libgmp","big","bignum","bigint","integer","arithmetic","precision"],"author":{"name":"James Halliday","email":"mail@substack.net","url":"http://substack.net"},"devDependencies":{"expresso":">=0.6.0","binary":">=0.1.7"},"scripts":{"install":"node-waf configure build"},"license":"MIT/X11","engine":{"node":">=0.2.0"},"_id":"bigint@0.2.2","engines":{"node":"*"},"_engineSupported":true,"_npmVersion":"0.3.15","_nodeVersion":"v0.4.2","directories":{},"files":[""],"_defaultsLoaded":true,"dist":{"shasum":"5bb0f1cd0b86f27f8b77b07eeaaec779e3d329e5","tarball":"http://registry.npmjs.org/bigint/-/bigint-0.2.2.tgz"}},"0.3.0":{"name":"bigint","version":"0.3.0","description":"Arbitrary-precision integer arithmetic using libgmp","main":"./index.js","repository":{"type":"git","url":"git://github.com/substack/node-bigint.git"},"keywords":["gmp","libgmp","big","bignum","bigint","integer","arithmetic","precision"],"author":{"name":"James Halliday","email":"mail@substack.net","url":"http://substack.net"},"devDependencies"
silly chunk :{"expresso":">=0.6.0","binary":">=0.1.7"},"scripts":{"install":"node-waf configure build"},"license":"MIT/X11","engine":{"node":">=0.2.0"},"_id":"bigint@0.3.0","engines":{"node":"*"},"_engineSupported":true,"_npmVersion":"0.3.15","_nodeVersion":"v0.4.2","directories":{},"files":[""],"_defaultsLoaded":true,"dist":{"shasum":"8295a980f1064f0221253df13cf62dcc5b9b7b00","tarball":"http://registry.npmjs.org/bigint/-/bigint-0.3.0.tgz"}},"0.3.1":{"name":"bigint","version":"0.3.1","description":"Arbitrary-precision integer arithmetic using libgmp","main":"./index.js","repository":{"type":"git","url":"git://github.com/substack/node-bigint.git"},"keywords":["gmp","libgmp","big","bignum","bigint","integer","arithmetic","precision"],"author":{"name":"James Halliday","email":"mail@substack.net","url":"http://substack.net"},"devDependencies":{"expresso":">=0.6.0","binary":">=0.1.7"},"scripts":{"install":"node-waf configure build"},"license":"MIT/X11","engine":{"node":">=0.2.0"},"_id":"bigint@0.3.1","engines":{"node":"*"},"_engineSupported":true,"_npmVersion":"0.3.18","_nodeVersion":"v0.4.2","directories":{},"files":[""],"_defaultsLoaded":true,"dist":{"shasum":"0e68b62ee7cce3d9192dbb2c19666f6712e1b152","tarball":"http://registry.npmjs.org/bigint/-/bigint-0.3.1.tgz"}},"0.3.2":{"name":"bigint","version":"0.3.2","description":"Arbitrary-precision integer arithmetic using libgmp","main":"./index.js","repository":{"type":"git","url":"git://githu
silly chunk b.com/substack/node-bigint.git"},"keywords":["gmp","libgmp","big","bignum","bigint","integer","arithmetic","precision"],"author":{"name":"James Halliday","email":"mail@substack.net","url":"http://substack.net"},"devDependencies":{"expresso":">=0.6.0","binary":">=0.1.7"},"scripts":{"install":"node-waf configure build"},"license":"MIT/X11","engine":{"node":">=0.2.0"},"dependencies":{},"_id":"bigint@0.3.2","engines":{"node":"*"},"_engineSupported":true,"_npmVersion":"1.0.1rc7","_nodeVersion":"v0.5.0-pre","_defaultsLoaded":true,"dist":{"shasum":"9e323f2b3329422c38ad0eea0159b59e85ddf91e","tarball":"http://registry.npmjs.org/bigint/-/bigint-0.3.2.tgz"},"directories":{}},"0.3.3":{"name":"bigint","version":"0.3.3","description":"Arbitrary-precision integer arithmetic using libgmp","main":"./index.js","repository":{"type":"git","url":"git://github.com/substack/node-bigint.git"},"keywords":["gmp","libgmp","big","bignum","bigint","integer","arithmetic","precision"],"author":{"name":"James Halliday","email":"mail@substack.net","url":"http://substack.net"},"devDependencies":{"expresso":">=0.6.0","binary":">=0.1.7"},"scripts":{"install":"node-waf configure build"},"license":"MIT/X11","engine":{"node":">=0.2.0"},"dependencies":{},"_id":"bigint@0.3.3","engines":{"node":"*"},"_engineSupported":true,"_npmVersion":"1.0.1rc8","_nodeVersion":"v0.4.2","_defaultsLoaded":true,"dist":{"shasum":"d2a59570da4d0dd7213540f9886ffa8c6cb6efe1","tarball":"ht
silly chunk tp://registry.npmjs.org/bigint/-/bigint-0.3.3.tgz","bin":{"0.4-sunos-5.11":{"shasum":"408f8246ed8c5f42edeec1eb3941810ef397e16a","tarball":"http://registry.npmjs.org/bigint/-/bigint-0.3.3-0.4-sunos-5.11.tgz"}}},"directories":{}},"0.3.4":{"name":"bigint","version":"0.3.4","description":"Arbitrary-precision integer arithmetic using libgmp","main":"./index.js","repository":{"type":"git","url":"git://github.com/substack/node-bigint.git"},"keywords":["gmp","libgmp","big","bignum","bigint","integer","arithmetic","precision"],"author":{"name":"James Halliday","email":"mail@substack.net","url":"http://substack.net"},"devDependencies":{"expresso":">=0.6.0","binary":">=0.1.7"},"scripts":{"install":"node-waf configure build"},"license":"MIT/X11","engine":{"node":">=0.2.0"},"_id":"bigint@0.3.4","dependencies":{},"engines":{"node":"*"},"_engineSupported":true,"_npmVersion":"1.0.10","_nodeVersion":"v0.5.0-pre","_defaultsLoaded":true,"dist":{"shasum":"58de903d678cba603ab8919c6d657f4475059ac6","tarball":"http://registry.npmjs.org/bigint/-/bigint-0.3.4.tgz"},"maintainers":[{"name":"substack","email":"mail@substack.net"},{"name":"draggor","email":"draggor@gmail.com"}],"directories":{}},"0.3.5":{"name":"bigint","version":"0.3.5","description":"Arbitrary-precision integer arithmetic using libgmp","main":"./index.js","repository":{"type":"git","url":"git://github.com/substack/node-bigint.git"},"keywords":["gmp","libgmp","big","bignum","bigint","i
silly chunk nteger","arithmetic","precision"],"author":{"name":"James Halliday","email":"mail@substack.net","url":"http://substack.net"},"devDependencies":{"expresso":">=0.6.0","binary":">=0.1.7"},"scripts":{"install":"node-waf configure build"},"license":"MIT/X11","engine":{"node":">=0.2.0"},"_id":"bigint@0.3.5","dependencies":{},"engines":{"node":"*"},"_engineSupported":true,"_npmVersion":"1.0.10","_nodeVersion":"v0.5.0-pre","_defaultsLoaded":true,"dist":{"shasum":"297059f4b227b2a653f8ec75bb041b422c6b94e7","tarball":"http://registry.npmjs.org/bigint/-/bigint-0.3.5.tgz"},"maintainers":[{"name":"substack","email":"mail@substack.net"},{"name":"draggor","email":"draggor@gmail.com"}],"directories":{}},"0.3.6":{"name":"bigint","version":"0.3.6","description":"Arbitrary-precision integer arithmetic using libgmp","main":"./index.js","repository":{"type":"git","url":"git://github.com/substack/node-bigint.git"},"keywords":["gmp","libgmp","big","bignum","bigint","integer","arithmetic","precision"],"author":{"name":"James Halliday","email":"mail@substack.net","url":"http://substack.net"},"devDependencies":{"expresso":">=0.6.0","binary":">=0.1.7","put":">=0.0.5"},"license":"MIT/X11","engine":{"node":">=0.2.0"},"scripts":{"install":"node-waf configure build","test":"expresso"},"_id":"bigint@0.3.6","dependencies":{},"engines":{"node":"*"},"_engineSupported":true,"_npmVersion":"1.0.10","_nodeVersion":"v0.5.0-pre","_defaultsLoaded":true,"dist":{"shasu
silly chunk m":"34ca8ca6334c378f33960b59f24f91710daf7707","tarball":"http://registry.npmjs.org/bigint/-/bigint-0.3.6.tgz"},"maintainers":[{"name":"substack","email":"mail@substack.net"},{"name":"draggor","email":"draggor@gmail.com"}],"directories":{}},"0.3.7":{"name":"bigint","version":"0.3.7","description":"Arbitrary-precision integer arithmetic using libgmp","main":"./index.js","repository":{"type":"git","url":"git://github.com/substack/node-bigint.git"},"keywords":["gmp","libgmp","big","bignum","bigint","integer","arithmetic","precision"],"author":{"name":"James Halliday","email":"mail@substack.net","url":"http://substack.net"},"devDependencies":{"expresso":">=0.6.0","binary":">=0.1.7","put":">=0.0.5"},"license":"MIT/X11","engine":{"node":">=0.2.0"},"scripts":{"install":"node-waf configure build","test":"expresso"},"_npmJsonOpts":{"file":"/home/substack/.npm/bigint/0.3.7/package/package.json","contributors":false,"serverjs":false,"wscript":true},"_id":"bigint@0.3.7","dependencies":{},"engines":{"node":"*"},"_engineSupported":true,"_npmVersion":"1.0.30","_nodeVersion":"v0.4.12","_defaultsLoaded":true,"dist":{"shasum":"392be9f97cde8ac4ede4f6cc1f0b607bb01479e1","tarball":"http://registry.npmjs.org/bigint/-/bigint-0.3.7.tgz"},"maintainers":[{"name":"substack","email":"mail@substack.net"},{"name":"draggor","email":"draggor@gmail.com"}],"directories":{}}},"maintainers":[{"name":"substack","email":"mail@substack.net"},{"name":"draggor","ema
silly chunk il":"draggor@gmail.com"}],"time":{"0.0.1":"2011-02-14T06:12:22.258Z","0.0.2":"2011-02-15T01:19:38.287Z","0.0.5":"2011-02-20T05:00:01.922Z","0.0.6":"2011-02-20T10:17:24.078Z","0.0.7":"2011-02-21T07:53:07.899Z","0.0.8":"2011-02-22T13:25:25.105Z","0.0.9":"2011-02-27T11:35:53.440Z","0.0.10":"2011-03-01T11:17:30.925Z","0.0.11":"2011-03-04T03:46:08.034Z","0.0.12":"2011-03-06T11:25:42.412Z","0.1.0":"2011-03-08T01:47:35.910Z","0.2.0":"2011-03-13T23:17:24.579Z","0.2.1":"2011-03-15T23:47:24.928Z","0.2.2":"2011-03-21T10:19:03.831Z","0.3.0":"2011-03-23T23:05:55.266Z","0.3.1":"2011-04-01T09:50:48.767Z","0.3.2":"2011-04-13T10:19:55.492Z","0.3.3":"2011-04-14T00:31:54.231Z","0.3.4":"2011-08-08T00:05:33.550Z","0.3.5":"2011-08-20T23:54:03.707Z","0.3.6":"2011-09-02T01:52:10.562Z","0.3.7":"2011-10-09T21:53:59.704Z"},"author":{"name":"James Halliday","email":"mail@substack.net","url":"http://substack.net"},"repository":{"type":"git","url":"git://github.com/substack/node-bigint.git"}}
silly get cb [ 200,
silly get cb   { vary: 'Accept',
silly get cb     server: 'CouchDB/1.1.0 (Erlang OTP/R14B03)',
silly get cb     etag: '"6NQXCV82DTHWRCE0LLZZ3KOYY"',
silly get cb     date: 'Tue, 25 Oct 2011 00:26:03 GMT',
silly get cb     'content-type': 'application/json',
silly get cb     'content-length': '21249' } ]
verbose mkdir done: /Users/fittom/.npm/bigint 755
verbose GET bigint/0.3.7
verbose raw, before any munging bigint/0.3.7
verbose url resolving [ 'http://registry.npmjs.org/', './bigint/0.3.7' ]
verbose url resolved http://registry.npmjs.org/bigint/0.3.7
verbose url parsed { protocol: 'http:',
verbose url parsed   slashes: true,
verbose url parsed   host: 'registry.npmjs.org',
verbose url parsed   hostname: 'registry.npmjs.org',
verbose url parsed   href: 'http://registry.npmjs.org/bigint/0.3.7',
verbose url parsed   pathname: '/bigint/0.3.7' }
verbose response http://registry.npmjs.org/bigint/0.3.7
silly chunk {"name":"bigint","version":"0.3.7","description":"Arbitrary-precision integer arithmetic using libgmp","main":"./index.js","repository":{"type":"git","url":"git://github.com/substack/node-bigint.git"},"keywords":["gmp","libgmp","big","bignum","bigint","integer","arithmetic","precision"],"author":{"name":"James Halliday","email":"mail@substack.net","url":"http://substack.net"},"devDependencies":{"expresso":">=0.6.0","binary":">=0.1.7","put":">=0.0.5"},"license":"MIT/X11","engine":{"node":">=0.2.0"},"scripts":{"install":"node-waf configure build","test":"expresso"},"_npmJsonOpts":{"file":"/home/substack/.npm/bigint/0.3.7/package/package.json","contributors":false,"serverjs":false,"wscript":true},"_id":"bigint@0.3.7","dependencies":{},"engines":{"node":"*"},"_engineSupported":true,"_npmVersion":"1.0.30","_nodeVersion":"v0.4.12","_defaultsLoaded":true,"dist":{"shasum":"392be9f97cde8ac4ede4f6cc1f0b607bb01479e1","tarball":"http://registry.npmjs.org/bigint/-/bigint-0.3.7.tgz"},"maintainers":[{"name":"substack","email":"mail@substack.net"},{"name":"draggor","email":"draggor@gmail.com"}],"directories":{}}
silly get cb [ 200,
silly get cb   { vary: 'Accept',
silly get cb     server: 'CouchDB/1.1.0 (Erlang OTP/R14B03)',
silly get cb     etag: '"6NQXCV82DTHWRCE0LLZZ3KOYY"',
silly get cb     date: 'Tue, 25 Oct 2011 00:26:04 GMT',
silly get cb     'content-type': 'application/json',
silly get cb     'content-length': '1113' } ]
verbose mkdir done: /Users/fittom/.npm/bigint/0.3.7 755
verbose bin dist [ '0.4-ares1.7.4-ev4.4-openssl0.9.8l-v83.1.8.26-darwin-10.7.0',
verbose bin dist   { shasum: '392be9f97cde8ac4ede4f6cc1f0b607bb01479e1',
verbose bin dist     tarball: 'http://registry.npmjs.org/bigint/-/bigint-0.3.7.tgz' } ]
verbose addRemoteTarball [ 'http://registry.npmjs.org/bigint/-/bigint-0.3.7.tgz',
verbose addRemoteTarball   '392be9f97cde8ac4ede4f6cc1f0b607bb01479e1' ]
verbose mkdir done: /var/folders/En/En71ylgvHZ08Efatn-7ylE+++TI/-Tmp-/npm-1319502365554/1319502365554-0.18885408923961222 755
info fetch http://registry.npmjs.org/bigint/-/bigint-0.3.7.tgz
verbose fetch to /var/folders/En/En71ylgvHZ08Efatn-7ylE+++TI/-Tmp-/npm-1319502365554/1319502365554-0.18885408923961222/tmp.tgz
silly updated sha bytes 13536
info shasum 392be9f97cde8ac4ede4f6cc1f0b607bb01479e1
info shasum /var/folders/En/En71ylgvHZ08Efatn-7ylE+++TI/-Tmp-/npm-1319502365554/1319502365554-0.18885408923961222/tmp.tgz
verbose mkdir done: /var/folders/En/En71ylgvHZ08Efatn-7ylE+++TI/-Tmp-/npm-1319502365554/1319502365554-0.18885408923961222/contents/___package.npm 755
verbose unpack_ uid, gid [ undefined, undefined ]
verbose unpackTarget /var/folders/En/En71ylgvHZ08Efatn-7ylE+++TI/-Tmp-/npm-1319502365554/1319502365554-0.18885408923961222/contents/package
silly gunzTarPerm modes [ '755', '644' ]
verbose success gzip "--decompress" "--stdout" "/var/folders/En/En71ylgvHZ08Efatn-7ylE+++TI/-Tmp-/npm-1319502365554/1319502365554-0.18885408923961222/tmp.tgz"
verbose success tar "-mvxpf" "-" "--no-same-owner" "-C" "/var/folders/En/En71ylgvHZ08Efatn-7ylE+++TI/-Tmp-/npm-1319502365554/1319502365554-0.18885408923961222/contents/___package.npm"
silly asyncMap in gTP /var/folders/En/En71ylgvHZ08Efatn-7ylE+++TI/-Tmp-/npm-1319502365554/1319502365554-0.18885408923961222/contents/___package.npm/package/
silly asyncMap in gTP /var/folders/En/En71ylgvHZ08Efatn-7ylE+++TI/-Tmp-/npm-1319502365554/1319502365554-0.18885408923961222/contents/___package.npm/package/.gitignore
silly asyncMap in gTP /var/folders/En/En71ylgvHZ08Efatn-7ylE+++TI/-Tmp-/npm-1319502365554/1319502365554-0.18885408923961222/contents/___package.npm/package/.npmignore
silly asyncMap in gTP /var/folders/En/En71ylgvHZ08Efatn-7ylE+++TI/-Tmp-/npm-1319502365554/1319502365554-0.18885408923961222/contents/___package.npm/package/bigint.cc
silly asyncMap in gTP /var/folders/En/En71ylgvHZ08Efatn-7ylE+++TI/-Tmp-/npm-1319502365554/1319502365554-0.18885408923961222/contents/___package.npm/package/index.js
silly asyncMap in gTP /var/folders/En/En71ylgvHZ08Efatn-7ylE+++TI/-Tmp-/npm-1319502365554/1319502365554-0.18885408923961222/contents/___package.npm/package/package.json
silly asyncMap in gTP /var/folders/En/En71ylgvHZ08Efatn-7ylE+++TI/-Tmp-/npm-1319502365554/1319502365554-0.18885408923961222/contents/___package.npm/package/README.markdown
silly asyncMap in gTP /var/folders/En/En71ylgvHZ08Efatn-7ylE+++TI/-Tmp-/npm-1319502365554/1319502365554-0.18885408923961222/contents/___package.npm/package/todo.txt
silly asyncMap in gTP /var/folders/En/En71ylgvHZ08Efatn-7ylE+++TI/-Tmp-/npm-1319502365554/1319502365554-0.18885408923961222/contents/___package.npm/package/wscript
silly asyncMap in gTP /var/folders/En/En71ylgvHZ08Efatn-7ylE+++TI/-Tmp-/npm-1319502365554/1319502365554-0.18885408923961222/contents/___package.npm/package/examples/
silly asyncMap in gTP /var/folders/En/En71ylgvHZ08Efatn-7ylE+++TI/-Tmp-/npm-1319502365554/1319502365554-0.18885408923961222/contents/___package.npm/package/examples/gen.js
silly asyncMap in gTP /var/folders/En/En71ylgvHZ08Efatn-7ylE+++TI/-Tmp-/npm-1319502365554/1319502365554-0.18885408923961222/contents/___package.npm/package/examples/perfect.js
silly asyncMap in gTP /var/folders/En/En71ylgvHZ08Efatn-7ylE+++TI/-Tmp-/npm-1319502365554/1319502365554-0.18885408923961222/contents/___package.npm/package/examples/simple.js
silly asyncMap in gTP /var/folders/En/En71ylgvHZ08Efatn-7ylE+++TI/-Tmp-/npm-1319502365554/1319502365554-0.18885408923961222/contents/___package.npm/package/test/
silly asyncMap in gTP /var/folders/En/En71ylgvHZ08Efatn-7ylE+++TI/-Tmp-/npm-1319502365554/1319502365554-0.18885408923961222/contents/___package.npm/package/test/big.js
silly asyncMap in gTP /var/folders/En/En71ylgvHZ08Efatn-7ylE+++TI/-Tmp-/npm-1319502365554/1319502365554-0.18885408923961222/contents/___package.npm/package/test/buf.js
silly asyncMap in gTP /var/folders/En/En71ylgvHZ08Efatn-7ylE+++TI/-Tmp-/npm-1319502365554/1319502365554-0.18885408923961222/contents/___package.npm/package/test/seed.js
verbose gunzed /var/folders/En/En71ylgvHZ08Efatn-7ylE+++TI/-Tmp-/npm-1319502365554/1319502365554-0.18885408923961222/contents/___package.npm/package
verbose rm'ed /var/folders/En/En71ylgvHZ08Efatn-7ylE+++TI/-Tmp-/npm-1319502365554/1319502365554-0.18885408923961222/contents/package
verbose renamed [ '/var/folders/En/En71ylgvHZ08Efatn-7ylE+++TI/-Tmp-/npm-1319502365554/1319502365554-0.18885408923961222/contents/___package.npm/package',
verbose renamed   '/var/folders/En/En71ylgvHZ08Efatn-7ylE+++TI/-Tmp-/npm-1319502365554/1319502365554-0.18885408923961222/contents/package' ]
verbose has wscript [ undefined,
verbose has wscript   { file: '/var/folders/En/En71ylgvHZ08Efatn-7ylE+++TI/-Tmp-/npm-1319502365554/1319502365554-0.18885408923961222/contents/package/package.json',
verbose has wscript     contributors: false,
verbose has wscript     serverjs: false,
verbose has wscript     wscript: true } ]
silly testEngine { name: 'bigint',
silly testEngine   version: '0.3.7',
silly testEngine   description: 'Arbitrary-precision integer arithmetic using libgmp',
silly testEngine   main: './index.js',
silly testEngine   repository: 
silly testEngine    { type: 'git',
silly testEngine      url: 'git://github.com/substack/node-bigint.git' },
silly testEngine   keywords: 
silly testEngine    [ 'gmp',
silly testEngine      'libgmp',
silly testEngine      'big',
silly testEngine      'bignum',
silly testEngine      'bigint',
silly testEngine      'integer',
silly testEngine      'arithmetic',
silly testEngine      'precision' ],
silly testEngine   author: 
silly testEngine    { name: 'James Halliday',
silly testEngine      email: 'mail@substack.net',
silly testEngine      url: 'http://substack.net' },
silly testEngine   devDependencies: 
silly testEngine    { expresso: '>=0.6.0',
silly testEngine      binary: '>=0.1.7',
silly testEngine      put: '>=0.0.5' },
silly testEngine   license: 'MIT/X11',
silly testEngine   engine: { node: '>=0.2.0' },
silly testEngine   scripts: 
silly testEngine    { install: 'node-waf configure build',
silly testEngine      test: 'expresso' },
silly testEngine   dependencies: {},
silly testEngine   _id: 'bigint@0.3.7',
silly testEngine   engines: { node: '*' },
silly testEngine   _engineSupported: true,
silly testEngine   _npmVersion: '1.0.6',
silly testEngine   _nodeVersion: 'v0.4.11',
silly testEngine   _defaultsLoaded: true,
silly testEngine   path: '/var/folders/En/En71ylgvHZ08Efatn-7ylE+++TI/-Tmp-/npm-1319502365554/1319502365554-0.18885408923961222/contents/package' }
verbose caching /var/folders/En/En71ylgvHZ08Efatn-7ylE+++TI/-Tmp-/npm-1319502365554/1319502365554-0.18885408923961222/contents/package/package.json
verbose loadDefaults bigint@0.3.7
verbose tarball contents [ 'package' ]
verbose from cache /var/folders/En/En71ylgvHZ08Efatn-7ylE+++TI/-Tmp-/npm-1319502365554/1319502365554-0.18885408923961222/contents/package/package.json
verbose pack /var/folders/En/En71ylgvHZ08Efatn-7ylE+++TI/-Tmp-/npm-1319502365554/1319502365554-0.18885408923961222/contents/package /Users/fittom/.npm/bigint/0.3.7/package.tgz
verbose from cache /var/folders/En/En71ylgvHZ08Efatn-7ylE+++TI/-Tmp-/npm-1319502365554/1319502365554-0.18885408923961222/contents/package/package.json
verbose mkdir'ed /Users/fittom/.npm/bigint/0.3.7
verbose tar about to write tar and gzip it.
silly tar args [ '-cvf',
silly tar args   '-',
silly tar args   'package/.gitignore',
silly tar args   'package/.npmignore',
silly tar args   'package/bigint.cc',
silly tar args   'package/index.js',
silly tar args   'package/package.json',
silly tar args   'package/README.markdown',
silly tar args   'package/todo.txt',
silly tar args   'package/wscript',
silly tar args   'package/examples/gen.js',
silly tar args   'package/examples/perfect.js',
silly tar args   'package/examples/simple.js',
silly tar args   'package/test/big.js',
silly tar args   'package/test/buf.js',
silly tar args   'package/test/seed.js' ]
verbose success tar -cvf - <file list elided>
verbose success gzip "--stdout"
verbose mkdir done: /Users/fittom/.npm/bigint/0.3.7/___package.npm 755
verbose unpack_ uid, gid [ undefined, undefined ]
verbose unpackTarget /Users/fittom/.npm/bigint/0.3.7/package
silly gunzTarPerm modes [ '755', '644' ]
verbose success gzip "--decompress" "--stdout" "/Users/fittom/.npm/bigint/0.3.7/package.tgz"
verbose success tar "-mvxpf" "-" "--no-same-owner" "-C" "/Users/fittom/.npm/bigint/0.3.7/___package.npm"
silly asyncMap in gTP /Users/fittom/.npm/bigint/0.3.7/___package.npm/package/
silly asyncMap in gTP /Users/fittom/.npm/bigint/0.3.7/___package.npm/package/.gitignore
silly asyncMap in gTP /Users/fittom/.npm/bigint/0.3.7/___package.npm/package/.npmignore
silly asyncMap in gTP /Users/fittom/.npm/bigint/0.3.7/___package.npm/package/bigint.cc
silly asyncMap in gTP /Users/fittom/.npm/bigint/0.3.7/___package.npm/package/index.js
silly asyncMap in gTP /Users/fittom/.npm/bigint/0.3.7/___package.npm/package/package.json
silly asyncMap in gTP /Users/fittom/.npm/bigint/0.3.7/___package.npm/package/README.markdown
silly asyncMap in gTP /Users/fittom/.npm/bigint/0.3.7/___package.npm/package/todo.txt
silly asyncMap in gTP /Users/fittom/.npm/bigint/0.3.7/___package.npm/package/wscript
silly asyncMap in gTP /Users/fittom/.npm/bigint/0.3.7/___package.npm/package/examples/
silly asyncMap in gTP /Users/fittom/.npm/bigint/0.3.7/___package.npm/package/examples/gen.js
silly asyncMap in gTP /Users/fittom/.npm/bigint/0.3.7/___package.npm/package/examples/perfect.js
silly asyncMap in gTP /Users/fittom/.npm/bigint/0.3.7/___package.npm/package/examples/simple.js
silly asyncMap in gTP /Users/fittom/.npm/bigint/0.3.7/___package.npm/package/test/
silly asyncMap in gTP /Users/fittom/.npm/bigint/0.3.7/___package.npm/package/test/big.js
silly asyncMap in gTP /Users/fittom/.npm/bigint/0.3.7/___package.npm/package/test/buf.js
silly asyncMap in gTP /Users/fittom/.npm/bigint/0.3.7/___package.npm/package/test/seed.js
verbose gunzed /Users/fittom/.npm/bigint/0.3.7/___package.npm/package
verbose rm'ed /Users/fittom/.npm/bigint/0.3.7/package
verbose renamed [ '/Users/fittom/.npm/bigint/0.3.7/___package.npm/package',
verbose renamed   '/Users/fittom/.npm/bigint/0.3.7/package' ]
verbose has wscript [ undefined,
verbose has wscript   { file: '/Users/fittom/.npm/bigint/0.3.7/package/package.json',
verbose has wscript     contributors: false,
verbose has wscript     serverjs: false,
verbose has wscript     wscript: true } ]
silly testEngine { name: 'bigint',
silly testEngine   version: '0.3.7',
silly testEngine   description: 'Arbitrary-precision integer arithmetic using libgmp',
silly testEngine   main: './index.js',
silly testEngine   repository: 
silly testEngine    { type: 'git',
silly testEngine      url: 'git://github.com/substack/node-bigint.git' },
silly testEngine   keywords: 
silly testEngine    [ 'gmp',
silly testEngine      'libgmp',
silly testEngine      'big',
silly testEngine      'bignum',
silly testEngine      'bigint',
silly testEngine      'integer',
silly testEngine      'arithmetic',
silly testEngine      'precision' ],
silly testEngine   author: 
silly testEngine    { name: 'James Halliday',
silly testEngine      email: 'mail@substack.net',
silly testEngine      url: 'http://substack.net' },
silly testEngine   devDependencies: 
silly testEngine    { expresso: '>=0.6.0',
silly testEngine      binary: '>=0.1.7',
silly testEngine      put: '>=0.0.5' },
silly testEngine   license: 'MIT/X11',
silly testEngine   engine: { node: '>=0.2.0' },
silly testEngine   scripts: 
silly testEngine    { install: 'node-waf configure build',
silly testEngine      test: 'expresso' },
silly testEngine   dependencies: {},
silly testEngine   _id: 'bigint@0.3.7',
silly testEngine   engines: { node: '*' },
silly testEngine   _engineSupported: true,
silly testEngine   _npmVersion: '1.0.6',
silly testEngine   _nodeVersion: 'v0.4.11',
silly testEngine   _defaultsLoaded: true,
silly testEngine   dist: { shasum: '684b72fc872a5189508a3e095cd3bb57196da3ec' } }
verbose caching /Users/fittom/.npm/bigint/0.3.7/package/package.json
verbose loadDefaults bigint@0.3.7
silly updated sha bytes 13491
info shasum 684b72fc872a5189508a3e095cd3bb57196da3ec
info shasum /Users/fittom/.npm/bigint/0.3.7/package.tgz
verbose from cache /Users/fittom/.npm/bigint/0.3.7/package/package.json
verbose chmod /Users/fittom/.npm/bigint/0.3.7/package.json 644
verbose chmod /Users/fittom/.npm/bigint/0.3.7/package.tgz 644
silly resolved [ { name: 'bigint',
silly resolved     version: '0.3.7',
silly resolved     description: 'Arbitrary-precision integer arithmetic using libgmp',
silly resolved     main: './index.js',
silly resolved     repository: 
silly resolved      { type: 'git',
silly resolved        url: 'git://github.com/substack/node-bigint.git' },
silly resolved     keywords: 
silly resolved      [ 'gmp',
silly resolved        'libgmp',
silly resolved        'big',
silly resolved        'bignum',
silly resolved        'bigint',
silly resolved        'integer',
silly resolved        'arithmetic',
silly resolved        'precision' ],
silly resolved     author: 
silly resolved      { name: 'James Halliday',
silly resolved        email: 'mail@substack.net',
silly resolved        url: 'http://substack.net' },
silly resolved     devDependencies: 
silly resolved      { expresso: '>=0.6.0',
silly resolved        binary: '>=0.1.7',
silly resolved        put: '>=0.0.5' },
silly resolved     license: 'MIT/X11',
silly resolved     engine: { node: '>=0.2.0' },
silly resolved     scripts: 
silly resolved      { install: 'node-waf configure build',
silly resolved        test: 'expresso' },
silly resolved     dependencies: {},
silly resolved     _id: 'bigint@0.3.7',
silly resolved     engines: { node: '*' },
silly resolved     _engineSupported: true,
silly resolved     _npmVersion: '1.0.6',
silly resolved     _nodeVersion: 'v0.4.11',
silly resolved     _defaultsLoaded: true,
silly resolved     dist: { shasum: '684b72fc872a5189508a3e095cd3bb57196da3ec' } } ]
info into /Users/fittom/projects/projecteuler bigint@0.3.7
info installOne bigint@0.3.7
info unbuild /Users/fittom/projects/projecteuler/node_modules/bigint
silly testEngine { name: 'bigint',
silly testEngine   version: '0.3.7',
silly testEngine   description: 'Arbitrary-precision integer arithmetic using libgmp',
silly testEngine   main: './index.js',
silly testEngine   repository: 
silly testEngine    { type: 'git',
silly testEngine      url: 'git://github.com/substack/node-bigint.git' },
silly testEngine   keywords: 
silly testEngine    [ 'gmp',
silly testEngine      'libgmp',
silly testEngine      'big',
silly testEngine      'bignum',
silly testEngine      'bigint',
silly testEngine      'integer',
silly testEngine      'arithmetic',
silly testEngine      'precision' ],
silly testEngine   author: 
silly testEngine    { name: 'James Halliday',
silly testEngine      email: 'mail@substack.net',
silly testEngine      url: 'http://substack.net' },
silly testEngine   devDependencies: 
silly testEngine    { expresso: '>=0.6.0',
silly testEngine      binary: '>=0.1.7',
silly testEngine      put: '>=0.0.5' },
silly testEngine   license: 'MIT/X11',
silly testEngine   engine: { node: '>=0.2.0' },
silly testEngine   scripts: 
silly testEngine    { install: 'node-waf configure build',
silly testEngine      test: 'expresso' },
silly testEngine   dependencies: {},
silly testEngine   _id: 'bigint@0.3.7',
silly testEngine   engines: { node: '*' },
silly testEngine   _engineSupported: true,
silly testEngine   _npmVersion: '1.0.6',
silly testEngine   _nodeVersion: 'v0.4.11',
silly testEngine   _defaultsLoaded: true,
silly testEngine   dist: { shasum: '684b72fc872a5189508a3e095cd3bb57196da3ec' } }
verbose caching /Users/fittom/.npm/bigint/0.3.7/package.json
verbose mkdir done: /Users/fittom/projects/projecteuler/node_modules/___bigint.npm 755
verbose unpack_ uid, gid [ undefined, undefined ]
verbose unpackTarget /Users/fittom/projects/projecteuler/node_modules/bigint
silly gunzTarPerm modes [ '755', '644' ]
verbose success gzip "--decompress" "--stdout" "/Users/fittom/.npm/bigint/0.3.7/package.tgz"
verbose success tar "-mvxpf" "-" "--no-same-owner" "-C" "/Users/fittom/projects/projecteuler/node_modules/___bigint.npm"
silly asyncMap in gTP /Users/fittom/projects/projecteuler/node_modules/___bigint.npm/package/
silly asyncMap in gTP /Users/fittom/projects/projecteuler/node_modules/___bigint.npm/package/.gitignore
silly asyncMap in gTP /Users/fittom/projects/projecteuler/node_modules/___bigint.npm/package/.npmignore
silly asyncMap in gTP /Users/fittom/projects/projecteuler/node_modules/___bigint.npm/package/bigint.cc
silly asyncMap in gTP /Users/fittom/projects/projecteuler/node_modules/___bigint.npm/package/index.js
silly asyncMap in gTP /Users/fittom/projects/projecteuler/node_modules/___bigint.npm/package/package.json
silly asyncMap in gTP /Users/fittom/projects/projecteuler/node_modules/___bigint.npm/package/README.markdown
silly asyncMap in gTP /Users/fittom/projects/projecteuler/node_modules/___bigint.npm/package/todo.txt
silly asyncMap in gTP /Users/fittom/projects/projecteuler/node_modules/___bigint.npm/package/wscript
silly asyncMap in gTP /Users/fittom/projects/projecteuler/node_modules/___bigint.npm/package/examples/
silly asyncMap in gTP /Users/fittom/projects/projecteuler/node_modules/___bigint.npm/package/examples/gen.js
silly asyncMap in gTP /Users/fittom/projects/projecteuler/node_modules/___bigint.npm/package/examples/perfect.js
silly asyncMap in gTP /Users/fittom/projects/projecteuler/node_modules/___bigint.npm/package/examples/simple.js
silly asyncMap in gTP /Users/fittom/projects/projecteuler/node_modules/___bigint.npm/package/test/
silly asyncMap in gTP /Users/fittom/projects/projecteuler/node_modules/___bigint.npm/package/test/big.js
silly asyncMap in gTP /Users/fittom/projects/projecteuler/node_modules/___bigint.npm/package/test/buf.js
silly asyncMap in gTP /Users/fittom/projects/projecteuler/node_modules/___bigint.npm/package/test/seed.js
verbose gunzed /Users/fittom/projects/projecteuler/node_modules/___bigint.npm/package
verbose rm'ed /Users/fittom/projects/projecteuler/node_modules/bigint
verbose renamed [ '/Users/fittom/projects/projecteuler/node_modules/___bigint.npm/package',
verbose renamed   '/Users/fittom/projects/projecteuler/node_modules/bigint' ]
verbose has wscript [ undefined,
verbose has wscript   { file: '/Users/fittom/projects/projecteuler/node_modules/bigint/package.json',
verbose has wscript     contributors: false,
verbose has wscript     serverjs: false,
verbose has wscript     wscript: true } ]
silly testEngine { name: 'bigint',
silly testEngine   version: '0.3.7',
silly testEngine   description: 'Arbitrary-precision integer arithmetic using libgmp',
silly testEngine   main: './index.js',
silly testEngine   repository: 
silly testEngine    { type: 'git',
silly testEngine      url: 'git://github.com/substack/node-bigint.git' },
silly testEngine   keywords: 
silly testEngine    [ 'gmp',
silly testEngine      'libgmp',
silly testEngine      'big',
silly testEngine      'bignum',
silly testEngine      'bigint',
silly testEngine      'integer',
silly testEngine      'arithmetic',
silly testEngine      'precision' ],
silly testEngine   author: 
silly testEngine    { name: 'James Halliday',
silly testEngine      email: 'mail@substack.net',
silly testEngine      url: 'http://substack.net' },
silly testEngine   devDependencies: 
silly testEngine    { expresso: '>=0.6.0',
silly testEngine      binary: '>=0.1.7',
silly testEngine      put: '>=0.0.5' },
silly testEngine   license: 'MIT/X11',
silly testEngine   engine: { node: '>=0.2.0' },
silly testEngine   scripts: 
silly testEngine    { install: 'node-waf configure build',
silly testEngine      test: 'expresso' },
silly testEngine   dependencies: {},
silly testEngine   _id: 'bigint@0.3.7',
silly testEngine   engines: { node: '*' },
silly testEngine   _engineSupported: true,
silly testEngine   _npmVersion: '1.0.6',
silly testEngine   _nodeVersion: 'v0.4.11',
silly testEngine   _defaultsLoaded: true }
verbose caching /Users/fittom/projects/projecteuler/node_modules/bigint/package.json
verbose loadDefaults bigint@0.3.7
info preinstall bigint@0.3.7
verbose from cache /Users/fittom/projects/projecteuler/node_modules/bigint/package.json
verbose into /Users/fittom/projects/projecteuler/node_modules/bigint []
silly resolved []
verbose about to build /Users/fittom/projects/projecteuler/node_modules/bigint
info build /Users/fittom/projects/projecteuler/node_modules/bigint
verbose from cache /Users/fittom/projects/projecteuler/node_modules/bigint/package.json
verbose linkStuff [ false,
verbose linkStuff   false,
verbose linkStuff   false,
verbose linkStuff   '/Users/fittom/projects/projecteuler/node_modules' ]
info linkStuff bigint@0.3.7
verbose linkBins bigint@0.3.7
verbose linkMans bigint@0.3.7
verbose rebuildBundles bigint@0.3.7
info install bigint@0.3.7
verbose unsafe-perm in lifecycle true
silly exec sh "-c" "node-waf configure build"
info bigint@0.3.7 Failed to exec install script
ERR! error installing bigint@0.3.7 Error: bigint@0.3.7 install: `node-waf configure build`
ERR! error installing bigint@0.3.7 `sh "-c" "node-waf configure build"` failed with 1
ERR! error installing bigint@0.3.7     at ChildProcess.<anonymous> (/usr/local/lib/node_modules/npm/lib/utils/exec.js:49:20)
ERR! error installing bigint@0.3.7     at ChildProcess.emit (events.js:67:17)
ERR! error installing bigint@0.3.7     at ChildProcess.onexit (child_process.js:192:12)
info unbuild /Users/fittom/projects/projecteuler/node_modules/bigint
verbose from cache /Users/fittom/projects/projecteuler/node_modules/bigint/package.json
info preuninstall bigint@0.3.7
info uninstall bigint@0.3.7
verbose unbuild bigint@0.3.7 [ false,
verbose unbuild bigint@0.3.7   '/usr/local/lib/node_modules',
verbose unbuild bigint@0.3.7   '/Users/fittom/projects/projecteuler/node_modules' ]
info postuninstall bigint@0.3.7
verbose installOne cb bigint@0.3.7
ERR! bigint@0.3.7 install: `node-waf configure build`
ERR! `sh "-c" "node-waf configure build"` failed with 1
ERR! 
ERR! Failed at the bigint@0.3.7 install script.
ERR! This is most likely a problem with the bigint package,
ERR! not with npm itself.
ERR! Tell the author that this fails on your system:
ERR!     node-waf configure build
ERR! You can get their info via:
ERR!     npm owner ls bigint
ERR! There is likely additional logging output above.
ERR! 
ERR! System Darwin 10.7.0
ERR! command "node" "/usr/local/bin/npm" "install" "bigint"
verbose exit [ 1, true ]
